<?xml version="1.0" encoding="utf-8"?><testsuites name="pytest tests"><testsuite name="pytest" errors="0" failures="0" skipped="0" tests="15" time="6.099" timestamp="2026-02-02T08:42:32.720845+00:00" hostname="agent-env-d48c2949-f46b-49de-876a-4abf9e32f34b"><testcase classname="backend.tests.test_crm_features.TestSetup" name="test_create_approved_po_for_testing" time="0.455" /><testcase classname="backend.tests.test_crm_features.TestProcurementAutoPopulate" name="test_get_approved_pos_for_procurement" time="0.300" /><testcase classname="backend.tests.test_crm_features.TestProcurementAutoPopulate" name="test_po_items_contain_auto_populate_fields" time="0.294" /><testcase classname="backend.tests.test_crm_features.TestInventoryScanActions" name="test_scan_outward_nova_action" time="0.371" /><testcase classname="backend.tests.test_crm_features.TestInventoryScanActions" name="test_scan_outward_magnova_action" time="0.380" /><testcase classname="backend.tests.test_crm_features.TestInventoryScanActions" name="test_scan_with_customer_organization" time="0.373" /><testcase classname="backend.tests.test_crm_features.TestInventoryScanActions" name="test_inventory_scan_all_actions" time="0.987" /><testcase classname="backend.tests.test_crm_features.TestLogisticsShipmentStatus" name="test_create_shipment_with_brand_model" time="0.329" /><testcase classname="backend.tests.test_crm_features.TestLogisticsShipmentStatus" name="test_update_shipment_status_pending" time="0.377" /><testcase classname="backend.tests.test_crm_features.TestLogisticsShipmentStatus" name="test_update_shipment_status_in_transit" time="0.408" /><testcase classname="backend.tests.test_crm_features.TestLogisticsShipmentStatus" name="test_update_shipment_status_delivered" time="0.399" /><testcase classname="backend.tests.test_crm_features.TestLogisticsShipmentStatus" name="test_update_shipment_status_cancelled" time="0.383" /><testcase classname="backend.tests.test_crm_features.TestLogisticsShipmentStatus" name="test_update_nonexistent_shipment_status" time="0.292" /><testcase classname="backend.tests.test_crm_features.TestLogisticsShipmentStatus" name="test_shipments_list_contains_quantity_tracking" time="0.297" /><testcase classname="backend.tests.test_crm_features.TestLocationsFromPO" name="test_po_items_have_locations" time="0.336" /></testsuite></testsuites>