<?xml version="1.0" encoding="utf-8"?><testsuites name="pytest tests"><testsuite name="pytest" errors="0" failures="1" skipped="2" tests="15" time="7.812" timestamp="2026-02-02T13:01:04.645896+00:00" hostname="agent-env-01a899df-ea00-413e-b54b-e01b994e1a56"><testcase classname="backend.tests.test_delete_and_payments.TestAdminDeleteEndpoints" name="test_delete_po_admin_success" time="0.760" /><testcase classname="backend.tests.test_delete_and_payments.TestAdminDeleteEndpoints" name="test_delete_po_non_admin_forbidden" time="0.651" /><testcase classname="backend.tests.test_delete_and_payments.TestAdminDeleteEndpoints" name="test_delete_procurement_non_admin_forbidden" time="0.777" /><testcase classname="backend.tests.test_delete_and_payments.TestAdminDeleteEndpoints" name="test_delete_inventory_non_admin_forbidden" time="0.595" /><testcase classname="backend.tests.test_delete_and_payments.TestAdminDeleteEndpoints" name="test_delete_shipment_non_admin_forbidden" time="0.620" /><testcase classname="backend.tests.test_delete_and_payments.TestAdminDeleteEndpoints" name="test_delete_payment_non_admin_forbidden" time="0.578" /><testcase classname="backend.tests.test_delete_and_payments.TestAdminDeleteEndpoints" name="test_delete_invoice_non_admin_forbidden" time="0.588"><skipped type="pytest.skip" message="No invoices to test delete">/app/backend/tests/test_delete_and_payments.py:207: No invoices to test delete</skipped></testcase><testcase classname="backend.tests.test_delete_and_payments.TestAdminDeleteEndpoints" name="test_delete_sales_order_non_admin_forbidden" time="0.606"><skipped type="pytest.skip" message="No sales orders to test delete">/app/backend/tests/test_delete_and_payments.py:220: No sales orders to test delete</skipped></testcase><testcase classname="backend.tests.test_delete_and_payments.TestInternalExternalPayments" name="test_create_internal_payment" time="0.331" /><testcase classname="backend.tests.test_delete_and_payments.TestInternalExternalPayments" name="test_create_external_payment" time="0.357" /><testcase classname="backend.tests.test_delete_and_payments.TestInternalExternalPayments" name="test_external_payment_cannot_exceed_internal" time="0.365" /><testcase classname="backend.tests.test_delete_and_payments.TestInternalExternalPayments" name="test_payment_summary_endpoint" time="0.406" /><testcase classname="backend.tests.test_delete_and_payments.TestInternalExternalPayments" name="test_get_payments_list" time="0.326" /><testcase classname="backend.tests.test_delete_and_payments.TestInternalExternalPayments" name="test_get_payments_filter_by_type" time="0.353" /><testcase classname="backend.tests.test_delete_and_payments.TestDuplicatePOPrevention" name="test_po_numbers_are_unique" time="0.361"><failure message="AssertionError: Duplicate PO number: PO-MAG-00024&#10;assert 'PO-MAG-00024' not in {'PO-MAG-00024'}">backend/tests/test_delete_and_payments.py:470: in test_po_numbers_are_unique
    assert po_number not in po_numbers, f"Duplicate PO number: {po_number}"
E   AssertionError: Duplicate PO number: PO-MAG-00024
E   assert 'PO-MAG-00024' not in {'PO-MAG-00024'}</failure></testcase></testsuite></testsuites>