<?xml version="1.0" encoding="utf-8"?><testsuites name="pytest tests"><testsuite name="pytest" errors="0" failures="0" skipped="2" tests="15" time="60.943" timestamp="2026-02-02T13:02:03.419323+00:00" hostname="agent-env-01a899df-ea00-413e-b54b-e01b994e1a56"><testcase classname="backend.tests.test_delete_and_payments.TestAdminDeleteEndpoints" name="test_delete_po_admin_success" time="0.682" /><testcase classname="backend.tests.test_delete_and_payments.TestAdminDeleteEndpoints" name="test_delete_po_non_admin_forbidden" time="0.625" /><testcase classname="backend.tests.test_delete_and_payments.TestAdminDeleteEndpoints" name="test_delete_procurement_non_admin_forbidden" time="0.713" /><testcase classname="backend.tests.test_delete_and_payments.TestAdminDeleteEndpoints" name="test_delete_inventory_non_admin_forbidden" time="0.577" /><testcase classname="backend.tests.test_delete_and_payments.TestAdminDeleteEndpoints" name="test_delete_shipment_non_admin_forbidden" time="0.589" /><testcase classname="backend.tests.test_delete_and_payments.TestAdminDeleteEndpoints" name="test_delete_payment_non_admin_forbidden" time="0.585" /><testcase classname="backend.tests.test_delete_and_payments.TestAdminDeleteEndpoints" name="test_delete_invoice_non_admin_forbidden" time="0.544"><skipped type="pytest.skip" message="No invoices to test delete">/app/backend/tests/test_delete_and_payments.py:207: No invoices to test delete</skipped></testcase><testcase classname="backend.tests.test_delete_and_payments.TestAdminDeleteEndpoints" name="test_delete_sales_order_non_admin_forbidden" time="0.548"><skipped type="pytest.skip" message="No sales orders to test delete">/app/backend/tests/test_delete_and_payments.py:220: No sales orders to test delete</skipped></testcase><testcase classname="backend.tests.test_delete_and_payments.TestInternalExternalPayments" name="test_create_internal_payment" time="0.343" /><testcase classname="backend.tests.test_delete_and_payments.TestInternalExternalPayments" name="test_create_external_payment" time="31.018" /><testcase classname="backend.tests.test_delete_and_payments.TestInternalExternalPayments" name="test_external_payment_cannot_exceed_internal" time="21.988" /><testcase classname="backend.tests.test_delete_and_payments.TestInternalExternalPayments" name="test_payment_summary_endpoint" time="0.398" /><testcase classname="backend.tests.test_delete_and_payments.TestInternalExternalPayments" name="test_get_payments_list" time="1.404" /><testcase classname="backend.tests.test_delete_and_payments.TestInternalExternalPayments" name="test_get_payments_filter_by_type" time="0.365" /><testcase classname="backend.tests.test_delete_and_payments.TestDuplicatePOPrevention" name="test_po_numbers_are_unique" time="0.483" /></testsuite></testsuites>