<?xml version="1.0" encoding="utf-8"?><testsuites name="pytest tests"><testsuite name="pytest" errors="0" failures="0" skipped="0" tests="12" time="2.521" timestamp="2026-02-03T09:34:58.009165+00:00" hostname="agent-env-1a778349-a0ca-47f3-8908-9a62e2dabdf4"><testcase classname="backend.tests.test_inventory_reports.TestAuth" name="test_login_success" time="0.327" /><testcase classname="backend.tests.test_inventory_reports.TestInventoryAPI" name="test_inventory_endpoint_returns_200" time="0.303" /><testcase classname="backend.tests.test_inventory_reports.TestInventoryAPI" name="test_inventory_response_structure" time="0.036" /><testcase classname="backend.tests.test_inventory_reports.TestReportsExportAPI" name="test_master_report_excel_export_endpoint_exists" time="0.307" /><testcase classname="backend.tests.test_inventory_reports.TestReportsExportAPI" name="test_inventory_export_endpoint_exists" time="0.045" /><testcase classname="backend.tests.test_inventory_reports.TestPaymentsAPI" name="test_payments_endpoint_returns_200" time="0.295" /><testcase classname="backend.tests.test_inventory_reports.TestPaymentsAPI" name="test_payments_include_external_type" time="0.035" /><testcase classname="backend.tests.test_inventory_reports.TestPurchaseOrdersAPI" name="test_purchase_orders_endpoint_returns_200" time="0.304" /><testcase classname="backend.tests.test_inventory_reports.TestPurchaseOrdersAPI" name="test_purchase_orders_items_have_brand_model_colour" time="0.035" /><testcase classname="backend.tests.test_inventory_reports.TestLogisticsAPI" name="test_shipments_endpoint_returns_200" time="0.309" /><testcase classname="backend.tests.test_inventory_reports.TestDashboardReportsAPI" name="test_dashboard_reports_endpoint_returns_200" time="0.307" /><testcase classname="backend.tests.test_inventory_reports.TestDashboardReportsAPI" name="test_dashboard_reports_structure" time="0.036" /></testsuite></testsuites>